<?xml version="1.0" encoding="UTF-8"?>
<!-- Generated by org.testng.reporters.JUnitXMLReporter -->
<testsuite ignored="0" hostname="WKWZTBxxBiYFfi3" failures="1" tests="7" name="test2" time="74.382" errors="0" timestamp="2022-11-23T08:19:25 IST">
  <testcase classname="day2.HandleDynamicElements" name="HandleDynamic" time="23.515"/>
  <testcase classname="sap.practice.FaceBook" name="categoryDelete" time="3.34">
    <failure type="java.lang.AssertionError" message="expected [true] but found [[[ChromeDriver: chrome on WINDOWS (3c0334caf3bb552d024ff83b576b0855)] -&amp;gt; xpath: //a[contains(text(),&amp;apos;Practise&amp;apos;)]]]">
      <![CDATA[java.lang.AssertionError: expected [true] but found [[[ChromeDriver: chrome on WINDOWS (3c0334caf3bb552d024ff83b576b0855)] -> xpath: //a[contains(text(),'Practise')]]]
at sap.practice.FaceBook.categoryDelete(FaceBook.java:27)
at java.base/java.util.ArrayList.forEach(ArrayList.java:1511)
at java.base/java.util.concurrent.FutureTask.run(FutureTask.java:264)
at java.base/java.util.concurrent.ThreadPoolExecutor.runWorker(ThreadPoolExecutor.java:1136)
at java.base/java.util.concurrent.ThreadPoolExecutor$Worker.run(ThreadPoolExecutor.java:635)
at java.base/java.lang.Thread.run(Thread.java:833)
... Removed 23 stack frames]]>
    </failure>
  </testcase> <!-- categoryDelete -->
  <testcase classname="day2.HandleAutoSuggestions" name="handleAuto" time="6.069"/>
  <testcase classname="day2.DragDropExample" name="dargDrop" time="8.519"/>
  <testcase classname="day2.HandleFrames" name="handleFrame" time="5.077"/>
  <testcase classname="day2.ActionsClassExamples" name="actionsClass" time="4.534"/>
  <testcase classname="day2.ExplicitWaitDemo" name="explicitWait" time="23.283"/>
</testsuite> <!-- test2 -->
