<html>
<head>
<title>TestNG:  test2</title>
<link href="../testng.css" rel="stylesheet" type="text/css" />
<link href="../my-testng.css" rel="stylesheet" type="text/css" />

<style type="text/css">
.log { display: none;} 
.stack-trace { display: none;} 
</style>
<script type="text/javascript">
<!--
function flip(e) {
  current = e.style.display;
  if (current == 'block') {
    e.style.display = 'none';
    return 0;
  }
  else {
    e.style.display = 'block';
    return 1;
  }
}

function toggleBox(szDivId, elem, msg1, msg2)
{
  var res = -1;  if (document.getElementById) {
    res = flip(document.getElementById(szDivId));
  }
  else if (document.all) {
    // this is the way old msie versions work
    res = flip(document.all[szDivId]);
  }
  if(elem) {
    if(res == 0) elem.innerHTML = msg1; else elem.innerHTML = msg2;
  }

}

function toggleAllBoxes() {
  if (document.getElementsByTagName) {
    d = document.getElementsByTagName('div');
    for (i = 0; i < d.length; i++) {
      if (d[i].className == 'log') {
        flip(d[i]);
      }
    }
  }
}

// -->
</script>

</head>
<body>
<h2 align='center'>test2</h2><table border='1' align="center">
<tr>
<td>Tests passed/Failed/Skipped:</td><td>6/1/0</td>
</tr><tr>
<td>Started on:</td><td>Wed Nov 23 08:18:11 IST 2022</td>
</tr>
<tr><td>Total time:</td><td>74 seconds (74382 ms)</td>
</tr><tr>
<td>Included groups:</td><td></td>
</tr><tr>
<td>Excluded groups:</td><td></td>
</tr>
</table><p/>
<small><i>(Hover the method name to see the test class name)</i></small><p/>
<table width='100%' border='1' class='invocation-failed'>
<tr><td colspan='4' align='center'><b>FAILED TESTS</b></td></tr>
<tr><td><b>Test method</b></td>
<td width="30%"><b>Exception</b></td>
<td width="10%"><b>Time (seconds)</b></td>
<td><b>Instance</b></td>
</tr>
<tr>
<td title='sap.practice.FaceBook.categoryDelete()'><b>categoryDelete</b><br>Test class: sap.practice.FaceBook</td>
<td><div><pre>java.lang.AssertionError: expected [true] but found [[[ChromeDriver: chrome on WINDOWS (3c0334caf3bb552d024ff83b576b0855)] -&gt; xpath: //a[contains(text(),&apos;Practise&apos;)]]]
	at sap.practice.FaceBook.categoryDelete(FaceBook.java:27)
	at java.base/java.util.ArrayList.forEach(ArrayList.java:1511)
	at java.base/java.util.concurrent.FutureTask.run(FutureTask.java:264)
	at java.base/java.util.concurrent.ThreadPoolExecutor.runWorker(ThreadPoolExecutor.java:1136)
	at java.base/java.util.concurrent.ThreadPoolExecutor$Worker.run(ThreadPoolExecutor.java:635)
	at java.base/java.lang.Thread.run(Thread.java:833)
... Removed 23 stack frames</pre></div><a href='#' onClick='toggleBox("stack-trace1055843261", this, "Click to show all stack frames", "Click to hide stack frames")'>Click to show all stack frames</a>
<div class='stack-trace' id='stack-trace1055843261'><pre>java.lang.AssertionError: expected [true] but found [[[ChromeDriver: chrome on WINDOWS (3c0334caf3bb552d024ff83b576b0855)] -&gt; xpath: //a[contains(text(),&apos;Practise&apos;)]]]
	at org.testng.Assert.fail(Assert.java:99)
	at org.testng.Assert.failNotEquals(Assert.java:1037)
	at org.testng.Assert.assertEqualsImpl(Assert.java:140)
	at org.testng.Assert.assertEquals(Assert.java:122)
	at org.testng.Assert.assertEquals(Assert.java:617)
	at sap.practice.FaceBook.categoryDelete(FaceBook.java:27)
	at java.base/jdk.internal.reflect.NativeMethodAccessorImpl.invoke0(Native Method)
	at java.base/jdk.internal.reflect.NativeMethodAccessorImpl.invoke(NativeMethodAccessorImpl.java:77)
	at java.base/jdk.internal.reflect.DelegatingMethodAccessorImpl.invoke(DelegatingMethodAccessorImpl.java:43)
	at java.base/java.lang.reflect.Method.invoke(Method.java:568)
	at org.testng.internal.MethodInvocationHelper.invokeMethod(MethodInvocationHelper.java:133)
	at org.testng.internal.TestInvoker.invokeMethod(TestInvoker.java:598)
	at org.testng.internal.TestInvoker.invokeTestMethod(TestInvoker.java:173)
	at org.testng.internal.MethodRunner.runInSequence(MethodRunner.java:46)
	at org.testng.internal.TestInvoker$MethodInvocationAgent.invoke(TestInvoker.java:824)
	at org.testng.internal.TestInvoker.invokeTestMethods(TestInvoker.java:146)
	at org.testng.internal.TestMethodWorker.invokeTestMethods(TestMethodWorker.java:146)
	at org.testng.internal.TestMethodWorker.run(TestMethodWorker.java:128)
	at java.base/java.util.ArrayList.forEach(ArrayList.java:1511)
	at org.testng.TestRunner.privateRun(TestRunner.java:794)
	at org.testng.TestRunner.run(TestRunner.java:596)
	at org.testng.SuiteRunner.runTest(SuiteRunner.java:377)
	at org.testng.SuiteRunner.access$000(SuiteRunner.java:28)
	at org.testng.SuiteRunner$SuiteWorker.run(SuiteRunner.java:418)
	at org.testng.internal.thread.ThreadUtil.lambda$execute$0(ThreadUtil.java:64)
	at java.base/java.util.concurrent.FutureTask.run(FutureTask.java:264)
	at java.base/java.util.concurrent.ThreadPoolExecutor.runWorker(ThreadPoolExecutor.java:1136)
	at java.base/java.util.concurrent.ThreadPoolExecutor$Worker.run(ThreadPoolExecutor.java:635)
	at java.base/java.lang.Thread.run(Thread.java:833)
</pre></div></td>
<td>3</td>
<td>sap.practice.FaceBook@82de64a</td></tr>
</table><p>
<table width='100%' border='1' class='invocation-passed'>
<tr><td colspan='4' align='center'><b>PASSED TESTS</b></td></tr>
<tr><td><b>Test method</b></td>
<td width="30%"><b>Exception</b></td>
<td width="10%"><b>Time (seconds)</b></td>
<td><b>Instance</b></td>
</tr>
<tr>
<td title='day2.ExplicitWaitDemo.explicitWait()'><b>explicitWait</b><br>Test class: day2.ExplicitWaitDemo</td>
<td></td>
<td>23</td>
<td>day2.ExplicitWaitDemo@54a7079e</td></tr>
<tr>
<td title='day2.HandleDynamicElements.HandleDynamic()'><b>HandleDynamic</b><br>Test class: day2.HandleDynamicElements</td>
<td></td>
<td>23</td>
<td>day2.HandleDynamicElements@27462a88</td></tr>
<tr>
<td title='day2.HandleFrames.handleFrame()'><b>handleFrame</b><br>Test class: day2.HandleFrames</td>
<td></td>
<td>5</td>
<td>day2.HandleFrames@61001b64</td></tr>
<tr>
<td title='day2.HandleAutoSuggestions.handleAuto()'><b>handleAuto</b><br>Test class: day2.HandleAutoSuggestions</td>
<td></td>
<td>6</td>
<td>day2.HandleAutoSuggestions@659499f1</td></tr>
<tr>
<td title='day2.ActionsClassExamples.actionsClass()'><b>actionsClass</b><br>Test class: day2.ActionsClassExamples</td>
<td></td>
<td>4</td>
<td>day2.ActionsClassExamples@4310d43</td></tr>
<tr>
<td title='day2.DragDropExample.dargDrop()'><b>dargDrop</b><br>Test class: day2.DragDropExample</td>
<td></td>
<td>8</td>
<td>day2.DragDropExample@51e69659</td></tr>
</table><p>
</body>
</html>