<?xml version="1.0" encoding="UTF-8"?>
<!-- Generated by org.testng.reporters.JUnitXMLReporter -->
<testsuite ignored="0" hostname="WKWZTBxxBiYFfi3" failures="0" tests="1" name="Test5" time="0.053" errors="0" timestamp="2022-11-24T12:07:53 IST">
  <testcase classname="DayFive.CrossBrowserGrid" name="@BeforeMethod Setup" time="-1.66927187303E9">
    <failure type="org.testng.TestNGException" message="
Parameter &amp;apos;osVersion,&amp;apos; is required by BeforeMethod on method Setup but has not been marked @Optional or defined
in C:\Users\abishett\selenium\SeleniumTrainig\gridCrossBrowser.xml">
      <![CDATA[org.testng.TestNGException: 
Parameter 'osVersion,' is required by BeforeMethod on method Setup but has not been marked @Optional or defined
in C:\Users\abishett\selenium\SeleniumTrainig\gridCrossBrowser.xml
at java.base/java.util.ArrayList.forEach(ArrayList.java:1511)
at java.base/java.util.concurrent.FutureTask.run(FutureTask.java:264)
at java.base/java.util.concurrent.ThreadPoolExecutor.runWorker(ThreadPoolExecutor.java:1136)
at java.base/java.util.concurrent.ThreadPoolExecutor$Worker.run(ThreadPoolExecutor.java:635)
at java.base/java.lang.Thread.run(Thread.java:833)
... Removed 19 stack frames]]>
    </failure>
  </testcase> <!-- @BeforeMethod Setup -->
  <testcase classname="DayFive.CrossBrowserGrid" name="@AfterMethod TearDown" time="-1.66927187305E9">
    <skipped/>
  </testcase> <!-- @AfterMethod TearDown -->
  <testcase classname="DayFive.CrossBrowserGrid" name="myTest" time="0.0">
    <skipped/>
  </testcase> <!-- myTest -->
</testsuite> <!-- Test5 -->
