<?xml version="1.0" encoding="UTF-8"?>
<!-- Generated by org.testng.reporters.JUnitXMLReporter -->
<testsuite ignored="0" hostname="WKWZTBxxBiYFfi3" failures="2" tests="10" name="Test" time="30.168" errors="0" timestamp="2022-11-22T18:11:54 IST">
  <testcase classname="DayThree.MyFisrtTestNGTest" name="createAccont" time="0.007"/>
  <testcase classname="DayThree.MyFisrtTestNGTest" name="deleteAccount" time="0.001"/>
  <testcase classname="DayThree.MyFisrtTestNGTest" name="logOutFromAccount" time="0.002"/>
  <testcase classname="DayThree.MyFisrtTestNGTest" name="login" time="0.004">
    <failure type="java.lang.AssertionError" message="expected [true] but found [false]">
      <![CDATA[java.lang.AssertionError: expected [true] but found [false]
at DayThree.MyFisrtTestNGTest.login(MyFisrtTestNGTest.java:10)
at java.base/java.util.ArrayList.forEach(ArrayList.java:1511)
... Removed 31 stack frames]]>
    </failure>
  </testcase> <!-- login -->
  <testcase classname="DayThree.ValidateLogin" name="blankCredentials" time="6.084"/>
  <testcase classname="DayThree.ValidateLogin" name="invalidCredentials" time="4.521"/>
  <testcase classname="DayThree.ValidateLogin" name="invalidUsernameValidPassword" time="4.021"/>
  <testcase classname="DayThree.ValidateLogin" name="validCredentials" time="6.936"/>
  <testcase classname="DayThree.ValidateLogin" name="validUsernameInvalidPassword" time="4.696"/>
  <testcase classname="DayThree.AssignmentOne" name="assOne" time="3.836">
    <failure type="java.lang.AssertionError" message="expected [true] but found [[[ChromeDriver: chrome on WINDOWS (6c5748ab6b96712e4961259f36de7eb6)] -&amp;gt; xpath: //span[contains(text(), &amp;apos;Manage&amp;apos;)]]]">
      <![CDATA[java.lang.AssertionError: expected [true] but found [[[ChromeDriver: chrome on WINDOWS (6c5748ab6b96712e4961259f36de7eb6)] -> xpath: //span[contains(text(), 'Manage')]]]
at DayThree.AssignmentOne.assOne(AssignmentOne.java:28)
at java.base/java.util.ArrayList.forEach(ArrayList.java:1511)
... Removed 32 stack frames]]>
    </failure>
  </testcase> <!-- assOne -->
</testsuite> <!-- Test -->
